\BOOKMARK [0][-]{chapter.1}{Introduction}{}% 1
\BOOKMARK [1][-]{section.1.1}{Preliminaries}{chapter.1}% 2
\BOOKMARK [2][-]{subsection.1.1.1}{The Hilbert spaces}{section.1.1}% 3
\BOOKMARK [0][-]{chapter.2}{1D Elliptic Problems}{}% 4
\BOOKMARK [1][-]{section.2.1}{Weak formulation}{chapter.2}% 5
\BOOKMARK [2][-]{subsection.2.1.1}{Analysis of FEM}{section.2.1}% 6
\BOOKMARK [2][-]{subsection.2.1.2}{Basis functions}{section.2.1}% 7
\BOOKMARK [2][-]{subsection.2.1.3}{Assesmbly}{section.2.1}% 8
\BOOKMARK [1][-]{section.2.2}{Numerical Examples}{chapter.2}% 9
\BOOKMARK [1][-]{section.2.3}{Non-Linear Problem}{chapter.2}% 10
\BOOKMARK [0][-]{chapter.3}{2D Elliptic problems in FEniCS}{}% 11
\BOOKMARK [1][-]{section.3.1}{Model Problem}{chapter.3}% 12
\BOOKMARK [1][-]{section.3.2}{Meshing in Fenics}{chapter.3}% 13
\BOOKMARK [2][-]{subsection.3.2.1}{Built-in Mesh generation tools}{section.3.2}% 14
\BOOKMARK [2][-]{subsection.3.2.2}{Other techniques}{section.3.2}% 15
\BOOKMARK [1][-]{section.3.3}{Linear Numerical examples}{chapter.3}% 16
\BOOKMARK [1][-]{section.3.4}{Nonlinear Problems}{chapter.3}% 17
\BOOKMARK [2][-]{subsection.3.4.1}{Picard Iteration}{section.3.4}% 18
\BOOKMARK [2][-]{subsection.3.4.2}{Newton Method at the Algebraic Level}{section.3.4}% 19
\BOOKMARK [0][-]{chapter.4}{Time Dependent Problems in FEniCS}{}% 20
\BOOKMARK [1][-]{section.4.1}{Diffusion Problem and its Discretization}{chapter.4}% 21
\BOOKMARK [1][-]{section.4.2}{Numerical Example}{chapter.4}% 22
